0 info it worked if it ends with ok
1 verbose cli [ '/usr/local/Cellar/node/5.1.0/bin/node',
1 verbose cli   '/usr/local/bin/npm',
1 verbose cli   'install',
1 verbose cli   'babel',
1 verbose cli   'webpack',
1 verbose cli   'webpack-dev-server',
1 verbose cli   '-g' ]
2 info using npm@2.14.4
3 info using node@v5.1.0
4 verbose install initial load of /Users/anthonylee/npm-global/lib/package.json
5 verbose readDependencies loading dependencies from /Users/anthonylee/npm-global/lib/package.json
6 silly cache add args [ 'babel', null ]
7 verbose cache add spec babel
8 silly cache add args [ 'webpack', null ]
9 verbose cache add spec webpack
10 silly cache add args [ 'webpack-dev-server', null ]
11 verbose cache add spec webpack-dev-server
12 silly cache add parsed spec Result {
12 silly cache add   raw: 'babel',
12 silly cache add   scope: null,
12 silly cache add   name: 'babel',
12 silly cache add   rawSpec: '',
12 silly cache add   spec: '*',
12 silly cache add   type: 'range' }
13 silly addNamed babel@*
14 verbose addNamed "*" is a valid semver range for babel
15 silly addNameRange { name: 'babel', range: '*', hasData: false }
16 silly mapToRegistry name babel
17 silly mapToRegistry using default registry
18 silly mapToRegistry registry https://registry.npmjs.org/
19 silly mapToRegistry uri https://registry.npmjs.org/babel
20 verbose addNameRange registry:https://registry.npmjs.org/babel not in flight; fetching
21 silly cache add parsed spec Result {
21 silly cache add   raw: 'webpack',
21 silly cache add   scope: null,
21 silly cache add   name: 'webpack',
21 silly cache add   rawSpec: '',
21 silly cache add   spec: '*',
21 silly cache add   type: 'range' }
22 silly addNamed webpack@*
23 verbose addNamed "*" is a valid semver range for webpack
24 silly addNameRange { name: 'webpack', range: '*', hasData: false }
25 silly mapToRegistry name webpack
26 silly mapToRegistry using default registry
27 silly mapToRegistry registry https://registry.npmjs.org/
28 silly mapToRegistry uri https://registry.npmjs.org/webpack
29 verbose addNameRange registry:https://registry.npmjs.org/webpack not in flight; fetching
30 silly cache add parsed spec Result {
30 silly cache add   raw: 'webpack-dev-server',
30 silly cache add   scope: null,
30 silly cache add   name: 'webpack-dev-server',
30 silly cache add   rawSpec: '',
30 silly cache add   spec: '*',
30 silly cache add   type: 'range' }
31 silly addNamed webpack-dev-server@*
32 verbose addNamed "*" is a valid semver range for webpack-dev-server
33 silly addNameRange { name: 'webpack-dev-server', range: '*', hasData: false }
34 silly mapToRegistry name webpack-dev-server
35 silly mapToRegistry using default registry
36 silly mapToRegistry registry https://registry.npmjs.org/
37 silly mapToRegistry uri https://registry.npmjs.org/webpack-dev-server
38 verbose addNameRange registry:https://registry.npmjs.org/webpack-dev-server not in flight; fetching
39 verbose request uri https://registry.npmjs.org/babel
40 verbose request no auth needed
41 info attempt registry request try #1 at 1:06:03 AM
42 verbose request id 8488d9c658c12c1f
43 http request GET https://registry.npmjs.org/babel
44 verbose request uri https://registry.npmjs.org/webpack
45 verbose request no auth needed
46 info attempt registry request try #1 at 1:06:03 AM
47 verbose etag "6R03G5F3P2HECW6AXLC2EF1PQ"
48 http request GET https://registry.npmjs.org/webpack
49 verbose request uri https://registry.npmjs.org/webpack-dev-server
50 verbose request no auth needed
51 info attempt registry request try #1 at 1:06:03 AM
52 verbose etag "8CAOCFPO5E5QP65WLD0865RXX"
53 http request GET https://registry.npmjs.org/webpack-dev-server
54 http 304 https://registry.npmjs.org/webpack
55 silly get cb [ 304,
55 silly get   { date: 'Sun, 14 Feb 2016 18:06:04 GMT',
55 silly get     via: '1.1 varnish',
55 silly get     'cache-control': 'max-age=300',
55 silly get     etag: '"6R03G5F3P2HECW6AXLC2EF1PQ"',
55 silly get     age: '98',
55 silly get     connection: 'keep-alive',
55 silly get     'x-served-by': 'cache-hkg6820-HKG',
55 silly get     'x-cache': 'HIT',
55 silly get     'x-cache-hits': '1',
55 silly get     'x-timer': 'S1455473164.221147,VS0,VE2',
55 silly get     vary: 'Accept' } ]
56 verbose etag https://registry.npmjs.org/webpack from cache
57 verbose get saving webpack to /Users/anthonylee/.npm/registry.npmjs.org/webpack/.cache.json
58 silly addNameRange number 2 { name: 'webpack', range: '*', hasData: true }
59 silly addNameRange versions [ 'webpack',
59 silly addNameRange   [ '0.1.0',
59 silly addNameRange     '0.1.1',
59 silly addNameRange     '0.1.2',
59 silly addNameRange     '0.1.3',
59 silly addNameRange     '0.1.4',
59 silly addNameRange     '0.1.5',
59 silly addNameRange     '0.1.6',
59 silly addNameRange     '0.2.0',
59 silly addNameRange     '0.2.1',
59 silly addNameRange     '0.2.2',
59 silly addNameRange     '0.2.3',
59 silly addNameRange     '0.2.4',
59 silly addNameRange     '0.2.6',
59 silly addNameRange     '0.2.7',
59 silly addNameRange     '0.2.8',
59 silly addNameRange     '0.3.0',
59 silly addNameRange     '0.3.1',
59 silly addNameRange     '0.3.2',
59 silly addNameRange     '0.3.3',
59 silly addNameRange     '0.3.4',
59 silly addNameRange     '0.3.6',
59 silly addNameRange     '0.3.7',
59 silly addNameRange     '0.3.8',
59 silly addNameRange     '0.3.9',
59 silly addNameRange     '0.3.10',
59 silly addNameRange     '0.3.11',
59 silly addNameRange     '0.3.12',
59 silly addNameRange     '0.3.13',
59 silly addNameRange     '0.3.14',
59 silly addNameRange     '0.3.15',
59 silly addNameRange     '0.3.16',
59 silly addNameRange     '0.3.17',
59 silly addNameRange     '0.3.18',
59 silly addNameRange     '0.3.19',
59 silly addNameRange     '0.3.20',
59 silly addNameRange     '0.4.0',
59 silly addNameRange     '0.4.1',
59 silly addNameRange     '0.4.2',
59 silly addNameRange     '0.4.3',
59 silly addNameRange     '0.4.4',
59 silly addNameRange     '0.4.5',
59 silly addNameRange     '0.4.6',
59 silly addNameRange     '0.4.7',
59 silly addNameRange     '0.4.8',
59 silly addNameRange     '0.4.9',
59 silly addNameRange     '0.4.10',
59 silly addNameRange     '0.4.11',
59 silly addNameRange     '0.4.12',
59 silly addNameRange     '0.4.13',
59 silly addNameRange     '0.4.14',
59 silly addNameRange     '0.4.15',
59 silly addNameRange     '0.4.16',
59 silly addNameRange     '0.4.17',
59 silly addNameRange     '0.4.18',
59 silly addNameRange     '0.4.19',
59 silly addNameRange     '0.4.20',
59 silly addNameRange     '0.4.21',
59 silly addNameRange     '0.4.23',
59 silly addNameRange     '0.4.24',
59 silly addNameRange     '0.4.25',
59 silly addNameRange     '0.5.0',
59 silly addNameRange     '0.5.1',
59 silly addNameRange     '0.5.2',
59 silly addNameRange     '0.5.3',
59 silly addNameRange     '0.5.4',
59 silly addNameRange     '0.5.5',
59 silly addNameRange     '0.5.6',
59 silly addNameRange     '0.5.7',
59 silly addNameRange     '0.5.8',
59 silly addNameRange     '0.5.10',
59 silly addNameRange     '0.6.0',
59 silly addNameRange     '0.6.1',
59 silly addNameRange     '0.6.2',
59 silly addNameRange     '0.7.0-beta',
59 silly addNameRange     '0.7.0-beta2',
59 silly addNameRange     '0.7.0-beta3',
59 silly addNameRange     '0.7.0-beta4',
59 silly addNameRange     '0.7.0-beta5',
59 silly addNameRange     '0.7.0-beta6',
59 silly addNameRange     '0.7.0-beta7',
59 silly addNameRange     '0.7.0-beta8',
59 silly addNameRange     '0.7.0',
59 silly addNameRange     '0.7.1',
59 silly addNameRange     '0.7.2',
59 silly addNameRange     '0.7.3',
59 silly addNameRange     '0.7.4',
59 silly addNameRange     '0.7.5',
59 silly addNameRange     '0.7.6',
59 silly addNameRange     '0.7.7',
59 silly addNameRange     '0.7.8',
59 silly addNameRange     '0.7.9',
59 silly addNameRange     '0.7.11',
59 silly addNameRange     '0.7.12',
59 silly addNameRange     '0.7.13',
59 silly addNameRange     '0.7.14',
59 silly addNameRange     '0.7.15',
59 silly addNameRange     '0.7.16',
59 silly addNameRange     '0.7.17',
59 silly addNameRange     '0.8.0-beta1',
59 silly addNameRange     '0.8.0-beta2',
59 silly addNameRange     '0.8.0-beta3',
59 silly addNameRange     '0.8.0-beta4',
59 silly addNameRange     '0.8.0',
59 silly addNameRange     '0.8.2',
59 silly addNameRange     '0.8.3',
59 silly addNameRange     '0.9.0-beta1',
59 silly addNameRange     '0.9.0-beta2',
59 silly addNameRange     '0.9.0-beta4',
59 silly addNameRange     '0.9.0-beta5',
59 silly addNameRange     '0.9.0-beta6',
59 silly addNameRange     '0.9.0-beta7',
59 silly addNameRange     '0.9.0-beta8',
59 silly addNameRange     '0.9.0-beta9',
59 silly addNameRange     '0.9.0-beta10',
59 silly addNameRange     '0.9.0-beta11',
59 silly addNameRange     '0.9.0-beta12',
59 silly addNameRange     '0.9.0-beta13',
59 silly addNameRange     '0.9.0-beta14',
59 silly addNameRange     '0.9.0-beta15',
59 silly addNameRange     '0.9.0-beta16',
59 silly addNameRange     '0.9.0-beta17',
59 silly addNameRange     '0.9.0-beta18',
59 silly addNameRange     '0.9.0-beta19',
59 silly addNameRange     '0.9.0-beta20',
59 silly addNameRange     '0.9.0-beta21',
59 silly addNameRange     '0.9.0-beta22',
59 silly addNameRange     '0.9.0-beta23',
59 silly addNameRange     '0.9.0-beta24',
59 silly addNameRange     '0.9.0-beta25',
59 silly addNameRange     '0.9.0-beta26',
59 silly addNameRange     '0.9.0-beta27',
59 silly addNameRange     '0.9.0-beta28',
59 silly addNameRange     '0.9.0-beta29',
59 silly addNameRange     '0.9.0-beta30',
59 silly addNameRange     '0.9.0-beta31',
59 silly addNameRange     '0.9.0-beta32',
59 silly addNameRange     '0.9.0-beta33',
59 silly addNameRange     '0.9.0-beta34',
59 silly addNameRange     '0.9.0-beta35',
59 silly addNameRange     '0.9.0-beta36',
59 silly addNameRange     '0.9.0-beta37',
59 silly addNameRange     '0.9.0-beta38',
59 silly addNameRange     '0.9.0',
59 silly addNameRange     '0.9.1',
59 silly addNameRange     '0.9.2',
59 silly addNameRange     '0.9.3',
59 silly addNameRange     '0.10.0-beta2',
59 silly addNameRange     '0.10.0-beta3',
59 silly addNameRange     '0.10.0-beta5',
59 silly addNameRange     '0.10.0-beta6',
59 silly addNameRange     '0.10.0-beta7',
59 silly addNameRange     '0.10.0-beta8',
59 silly addNameRange     '0.10.0-beta9',
59 silly addNameRange     '0.10.0-beta10',
59 silly addNameRange     '0.10.0-beta11',
59 silly addNameRange     '0.10.0-beta12',
59 silly addNameRange     '0.10.0-beta13',
59 silly addNameRange     '0.10.0-beta14',
59 silly addNameRange     '0.10.0-beta15',
59 silly addNameRange     '0.10.0-beta16',
59 silly addNameRange     '0.10.0-beta17',
59 silly addNameRange     '0.10.0-beta18',
59 silly addNameRange     '0.10.0-beta19',
59 silly addNameRange     '0.10.0-beta20',
59 silly addNameRange     '0.10.0-beta21',
59 silly addNameRange     '0.10.0-beta22',
59 silly addNameRange     '0.10.0-beta23',
59 silly addNameRange     '0.10.0-beta24',
59 silly addNameRange     '0.10.0-beta25',
59 silly addNameRange     '0.10.0',
59 silly addNameRange     '0.11.0-beta1',
59 silly addNameRange     '0.11.0-beta2',
59 silly addNameRange     '0.11.0-beta3',
59 silly addNameRange     '0.11.0-beta4',
59 silly addNameRange     '0.11.0-beta5',
59 silly addNameRange     '0.11.0-beta6',
59 silly addNameRange     '0.11.0-beta7',
59 silly addNameRange     '0.11.0-beta8',
59 silly addNameRange     '0.11.0-beta9',
59 silly addNameRange     '0.11.0-beta10',
59 silly addNameRange     '0.11.0-beta11',
59 silly addNameRange     '0.11.0-beta12',
59 silly addNameRange     '0.11.0-beta13',
59 silly addNameRange     '0.11.0-beta14',
59 silly addNameRange     '0.11.0-beta15',
59 silly addNameRange     '0.11.0-beta16',
59 silly addNameRange     '0.11.0-beta17',
59 silly addNameRange     '0.11.0-beta18',
59 silly addNameRange     '0.11.0-beta19',
59 silly addNameRange     '0.11.0-beta20',
59 silly addNameRange     '0.11.0-beta21',
59 silly addNameRange     '0.11.0-beta22',
59 silly addNameRange     '0.11.0-beta23',
59 silly addNameRange     '0.11.0-beta24',
59 silly addNameRange     '0.11.0-beta25',
59 silly addNameRange     '0.11.0-beta26',
59 silly addNameRange     '0.11.0-beta27',
59 silly addNameRange     '0.11.0-beta28',
59 silly addNameRange     '0.11.0-beta29',
59 silly addNameRange     '0.11.0',
59 silly addNameRange     '0.11.1',
59 silly addNameRange     '0.11.2',
59 silly addNameRange     '0.11.3',
59 silly addNameRange     '0.11.4',
59 silly addNameRange     '0.11.5',
59 silly addNameRange     '0.11.6',
59 silly addNameRange     '0.11.7',
59 silly addNameRange     '0.11.8',
59 silly addNameRange     '0.11.9',
59 silly addNameRange     '0.11.10',
59 silly addNameRange     '0.11.11',
59 silly addNameRange     '0.11.12',
59 silly addNameRange     '0.11.13',
59 silly addNameRange     '0.11.14',
59 silly addNameRange     '0.11.15',
59 silly addNameRange     '1.0.0-beta1',
59 silly addNameRange     '1.0.0-beta2',
59 silly addNameRange     '1.0.0-beta3',
59 silly addNameRange     '1.0.0-beta4',
59 silly addNameRange     '0.11.16',
59 silly addNameRange     '0.11.17',
59 silly addNameRange     '0.11.18',
59 silly addNameRange     '1.0.0-beta5',
59 silly addNameRange     '1.0.0-beta6',
59 silly addNameRange     '1.0.0-beta7',
59 silly addNameRange     '1.0.0-beta8',
59 silly addNameRange     '1.0.0-beta9',
59 silly addNameRange     '1.0.0-rc1',
59 silly addNameRange     '1.0.0-rc2',
59 silly addNameRange     '1.0.0-rc3',
59 silly addNameRange     '1.0.0-rc4',
59 silly addNameRange     '1.0.0-rc5',
59 silly addNameRange     '1.0.0-rc7',
59 silly addNameRange     '1.0.0-rc8',
59 silly addNameRange     '1.0.0-rc9',
59 silly addNameRange     '1.0.0-rc11',
59 silly addNameRange     '1.0.0-rc12',
59 silly addNameRange     '1.0.0',
59 silly addNameRange     '1.0.1',
59 silly addNameRange     '1.0.3',
59 silly addNameRange     '1.0.4',
59 silly addNameRange     '1.0.5',
59 silly addNameRange     '1.1.0-beta1',
59 silly addNameRange     '1.1.0-beta2',
59 silly addNameRange     '1.1.0-beta3',
59 silly addNameRange     '1.1.0-beta4',
59 silly addNameRange     '1.1.0-beta5',
59 silly addNameRange     '1.1.0-beta6',
59 silly addNameRange     '1.1.0-beta7',
59 silly addNameRange     '1.1.0-beta8',
59 silly addNameRange     '1.1.0-beta9',
59 silly addNameRange     '1.1.0-beta10',
59 silly addNameRange     '1.1.0-beta12',
59 silly addNameRange     '1.1.0',
59 silly addNameRange     '1.1.1',
59 silly addNameRange     '1.1.2',
59 silly addNameRange     '1.1.3',
59 silly addNameRange     '1.1.4',
59 silly addNameRange     '1.1.5',
59 silly addNameRange     '1.1.6',
59 silly addNameRange     '1.1.7',
59 silly addNameRange     '1.1.8',
59 silly addNameRange     '1.1.9',
59 silly addNameRange     '1.1.10',
59 silly addNameRange     '1.1.11',
59 silly addNameRange     '1.2.0-beta1',
59 silly addNameRange     '1.2.0-beta2',
59 silly addNameRange     '1.2.0-beta4',
59 silly addNameRange     '1.2.0-beta5',
59 silly addNameRange     '1.2.0-beta6',
59 silly addNameRange     '1.3.0-beta1',
59 silly addNameRange     '1.3.0-beta2',
59 silly addNameRange     '1.3.0-beta3',
59 silly addNameRange     '1.3.0-beta4',
59 silly addNameRange     '1.3.0-beta5',
59 silly addNameRange     '1.3.0-beta6',
59 silly addNameRange     '1.3.0-beta7',
59 silly addNameRange     '1.3.0-beta8',
59 silly addNameRange     '1.3.0-beta9',
59 silly addNameRange     '1.3.1-beta1',
59 silly addNameRange     '1.3.1-beta2',
59 silly addNameRange     '1.3.1-beta3',
59 silly addNameRange     '1.3.1-beta4',
59 silly addNameRange     '1.3.1-beta5',
59 silly addNameRange     '1.3.1-beta6',
59 silly addNameRange     '1.3.1-beta7',
59 silly addNameRange     '1.3.1-beta8',
59 silly addNameRange     '1.3.1-beta9',
59 silly addNameRange     '1.3.2-beta1',
59 silly addNameRange     '1.3.2-beta2',
59 silly addNameRange     '1.3.2-beta3',
59 silly addNameRange     '1.3.2-beta4',
59 silly addNameRange     '1.3.2-beta5',
59 silly addNameRange     '1.3.2-beta6',
59 silly addNameRange     '1.3.2-beta7',
59 silly addNameRange     '1.3.2-beta8',
59 silly addNameRange     '1.3.2-beta9',
59 silly addNameRange     '1.3.3-beta1',
59 silly addNameRange     '1.3.3-beta2',
59 silly addNameRange     '1.3.4',
59 silly addNameRange     '1.3.5',
59 silly addNameRange     '1.3.6',
59 silly addNameRange     '1.3.7',
59 silly addNameRange     '1.4.0-beta1',
59 silly addNameRange     '1.4.0-beta2',
59 silly addNameRange     '1.4.0-beta3',
59 silly addNameRange     '1.4.0-beta4',
59 silly addNameRange     '1.4.0-beta5',
59 silly addNameRange     '1.4.0-beta6',
59 silly addNameRange     '1.4.0-beta7',
59 silly addNameRange     '1.4.0-beta8',
59 silly addNameRange     '1.4.0-beta9',
59 silly addNameRange     '1.4.0-beta10',
59 silly addNameRange     '1.4.1-beta1',
59 silly addNameRange     '1.4.2',
59 silly addNameRange     '1.4.3',
59 silly addNameRange     '1.4.4',
59 silly addNameRange     '1.4.5',
59 silly addNameRange     '1.4.6',
59 silly addNameRange     '1.4.7',
59 silly addNameRange     '1.4.8',
59 silly addNameRange     '1.4.9',
59 silly addNameRange     '1.4.10',
59 silly addNameRange     '1.4.11',
59 silly addNameRange     '1.4.12',
59 silly addNameRange     '1.4.13',
59 silly addNameRange     '1.4.14',
59 silly addNameRange     '1.4.15',
59 silly addNameRange     '1.5.0',
59 silly addNameRange     '1.5.1',
59 silly addNameRange     '1.5.2',
59 silly addNameRange     '1.5.3',
59 silly addNameRange     '1.6.0',
59 silly addNameRange     '1.7.0',
59 silly addNameRange     '1.7.1',
59 silly addNameRange     '1.7.2',
59 silly addNameRange     '1.7.3',
59 silly addNameRange     '1.8.0',
59 silly addNameRange     '1.8.1',
59 silly addNameRange     '1.8.2',
59 silly addNameRange     '1.8.3',
59 silly addNameRange     '1.8.4',
59 silly addNameRange     '1.8.5',
59 silly addNameRange     '1.8.6',
59 silly addNameRange     '1.8.7',
59 silly addNameRange     '1.8.8',
59 silly addNameRange     '1.8.9',
59 silly addNameRange     '1.8.10',
59 silly addNameRange     '1.8.11',
59 silly addNameRange     '1.9.0',
59 silly addNameRange     '1.9.1',
59 silly addNameRange     '1.9.2',
59 silly addNameRange     '1.9.3',
59 silly addNameRange     '1.9.4',
59 silly addNameRange     '1.9.5',
59 silly addNameRange     '1.9.6',
59 silly addNameRange     '1.9.7',
59 silly addNameRange     '1.9.8',
59 silly addNameRange     '1.9.9',
59 silly addNameRange     '1.9.10',
59 silly addNameRange     '1.9.11',
59 silly addNameRange     '1.9.12',
59 silly addNameRange     '1.9.13',
59 silly addNameRange     '1.10.0',
59 silly addNameRange     '1.10.1',
59 silly addNameRange     '1.10.2',
59 silly addNameRange     '1.10.3',
59 silly addNameRange     '1.10.4',
59 silly addNameRange     '1.10.5',
59 silly addNameRange     '1.11.0',
59 silly addNameRange     '1.12.0',
59 silly addNameRange     '1.12.1',
59 silly addNameRange     '1.12.2',
59 silly addNameRange     '2.0.0-beta',
59 silly addNameRange     '1.12.3',
59 silly addNameRange     '1.12.4',
59 silly addNameRange     '1.12.5',
59 silly addNameRange     '1.12.6',
59 silly addNameRange     '1.12.7',
59 silly addNameRange     '1.12.8',
59 silly addNameRange     '1.12.9',
59 silly addNameRange     '2.0.1-beta',
59 silly addNameRange     '2.0.2-beta',
59 silly addNameRange     '1.12.10',
59 silly addNameRange     '1.12.11',
59 silly addNameRange     '2.0.4-beta',
59 silly addNameRange     '1.12.12',
59 silly addNameRange     '2.0.5-beta',
59 silly addNameRange     '2.0.6-beta',
59 silly addNameRange     '2.0.7-beta',
59 silly addNameRange     '1.12.13' ] ]
60 silly addNamed webpack@1.12.13
61 verbose addNamed "1.12.13" is a plain semver version for webpack
62 silly cache afterAdd webpack@1.12.13
63 verbose afterAdd /Users/anthonylee/.npm/webpack/1.12.13/package/package.json not in flight; writing
64 verbose afterAdd /Users/anthonylee/.npm/webpack/1.12.13/package/package.json written
65 http 200 https://registry.npmjs.org/webpack-dev-server
66 silly get cb [ 200,
66 silly get   { server: 'CouchDB/1.5.0 (Erlang OTP/R16B03)',
66 silly get     etag: '"13UJSWGG2XBSNIUJ7F847O2YL"',
66 silly get     'content-type': 'application/json',
66 silly get     'cache-control': 'max-age=300',
66 silly get     'content-length': '101487',
66 silly get     'accept-ranges': 'bytes',
66 silly get     date: 'Sun, 14 Feb 2016 18:06:05 GMT',
66 silly get     via: '1.1 varnish',
66 silly get     age: '0',
66 silly get     connection: 'keep-alive',
66 silly get     'x-served-by': 'cache-hkg6827-HKG',
66 silly get     'x-cache': 'HIT',
66 silly get     'x-cache-hits': '1',
66 silly get     'x-timer': 'S1455473164.220712,VS0,VE891',
66 silly get     vary: 'Accept' } ]
67 verbose get saving webpack-dev-server to /Users/anthonylee/.npm/registry.npmjs.org/webpack-dev-server/.cache.json
68 silly addNameRange number 2 { name: 'webpack-dev-server', range: '*', hasData: true }
69 silly addNameRange versions [ 'webpack-dev-server',
69 silly addNameRange   [ '0.6.0',
69 silly addNameRange     '0.6.1',
69 silly addNameRange     '0.6.2',
69 silly addNameRange     '0.7.0',
69 silly addNameRange     '0.7.1',
69 silly addNameRange     '0.7.2',
69 silly addNameRange     '0.8.0',
69 silly addNameRange     '0.8.1',
69 silly addNameRange     '0.8.2',
69 silly addNameRange     '0.9.0',
69 silly addNameRange     '0.9.1',
69 silly addNameRange     '0.9.2',
69 silly addNameRange     '0.9.3',
69 silly addNameRange     '0.9.4',
69 silly addNameRange     '0.10.0',
69 silly addNameRange     '0.10.1',
69 silly addNameRange     '0.11.0',
69 silly addNameRange     '0.11.1',
69 silly addNameRange     '1.0.0',
69 silly addNameRange     '1.0.1',
69 silly addNameRange     '1.0.2',
69 silly addNameRange     '1.1.0',
69 silly addNameRange     '1.2.0',
69 silly addNameRange     '1.2.1',
69 silly addNameRange     '1.2.2',
69 silly addNameRange     '1.2.3',
69 silly addNameRange     '1.2.4',
69 silly addNameRange     '1.2.5',
69 silly addNameRange     '1.2.6',
69 silly addNameRange     '1.2.7',
69 silly addNameRange     '1.2.8',
69 silly addNameRange     '1.2.9',
69 silly addNameRange     '1.3.0',
69 silly addNameRange     '1.3.1',
69 silly addNameRange     '1.3.2',
69 silly addNameRange     '1.4.0',
69 silly addNameRange     '1.4.1',
69 silly addNameRange     '1.4.2',
69 silly addNameRange     '1.4.3',
69 silly addNameRange     '1.4.4',
69 silly addNameRange     '1.4.5',
69 silly addNameRange     '1.4.6',
69 silly addNameRange     '1.4.7',
69 silly addNameRange     '1.4.9',
69 silly addNameRange     '1.4.10',
69 silly addNameRange     '1.5.0',
69 silly addNameRange     '1.6.0',
69 silly addNameRange     '1.6.1',
69 silly addNameRange     '1.6.2',
69 silly addNameRange     '1.6.3',
69 silly addNameRange     '1.6.4',
69 silly addNameRange     '1.6.5',
69 silly addNameRange     '1.6.6',
69 silly addNameRange     '1.7.0',
69 silly addNameRange     '1.8.0',
69 silly addNameRange     '1.8.1',
69 silly addNameRange     '1.8.2',
69 silly addNameRange     '1.9.0',
69 silly addNameRange     '1.10.0',
69 silly addNameRange     '1.10.1',
69 silly addNameRange     '1.11.0',
69 silly addNameRange     '1.12.0',
69 silly addNameRange     '1.12.1',
69 silly addNameRange     '1.13.0',
69 silly addNameRange     '1.14.0',
69 silly addNameRange     '1.14.1',
69 silly addNameRange     '2.0.0-beta' ] ]
70 silly addNamed webpack-dev-server@1.14.1
71 verbose addNamed "1.14.1" is a plain semver version for webpack-dev-server
72 silly mapToRegistry name webpack-dev-server
73 silly mapToRegistry using default registry
74 silly mapToRegistry registry https://registry.npmjs.org/
75 silly mapToRegistry uri https://registry.npmjs.org/webpack-dev-server
76 verbose addRemoteTarball https://registry.npmjs.org/webpack-dev-server/-/webpack-dev-server-1.14.1.tgz not in flight; adding
77 verbose addRemoteTarball [ 'https://registry.npmjs.org/webpack-dev-server/-/webpack-dev-server-1.14.1.tgz',
77 verbose addRemoteTarball   'e51de228071258b0db6d55e0f5fee55eec6755de' ]
78 info retry fetch attempt 1 at 1:06:05 AM
79 info attempt registry request try #1 at 1:06:05 AM
80 http fetch GET https://registry.npmjs.org/webpack-dev-server/-/webpack-dev-server-1.14.1.tgz
81 http 200 https://registry.npmjs.org/babel
82 silly get cb [ 200,
82 silly get   { server: 'CouchDB/1.5.0 (Erlang OTP/R16B03)',
82 silly get     etag: '"ETATUI9PQSR2RTD7JI2W3RK32"',
82 silly get     'content-type': 'application/json',
82 silly get     'cache-control': 'max-age=300',
82 silly get     'content-length': '241119',
82 silly get     'accept-ranges': 'bytes',
82 silly get     date: 'Sun, 14 Feb 2016 18:06:05 GMT',
82 silly get     via: '1.1 varnish',
82 silly get     age: '0',
82 silly get     connection: 'keep-alive',
82 silly get     'x-served-by': 'cache-hkg6820-HKG',
82 silly get     'x-cache': 'HIT',
82 silly get     'x-cache-hits': '1',
82 silly get     'x-timer': 'S1455473164.223322,VS0,VE944',
82 silly get     vary: 'Accept' } ]
83 verbose get saving babel to /Users/anthonylee/.npm/registry.npmjs.org/babel/.cache.json
84 http fetch 200 https://registry.npmjs.org/webpack-dev-server/-/webpack-dev-server-1.14.1.tgz
85 silly addNameRange number 2 { name: 'babel', range: '*', hasData: true }
86 silly addNameRange versions [ 'babel',
86 silly addNameRange   [ '0.0.1',
86 silly addNameRange     '4.0.1',
86 silly addNameRange     '4.0.2',
86 silly addNameRange     '4.1.1',
86 silly addNameRange     '4.2.0',
86 silly addNameRange     '4.2.1',
86 silly addNameRange     '4.3.0',
86 silly addNameRange     '4.4.1',
86 silly addNameRange     '4.4.2',
86 silly addNameRange     '4.4.3',
86 silly addNameRange     '4.4.4',
86 silly addNameRange     '4.4.5',
86 silly addNameRange     '4.4.6',
86 silly addNameRange     '4.5.0',
86 silly addNameRange     '4.5.1',
86 silly addNameRange     '4.5.2',
86 silly addNameRange     '4.5.3',
86 silly addNameRange     '4.5.4',
86 silly addNameRange     '4.5.5',
86 silly addNameRange     '4.6.0',
86 silly addNameRange     '4.6.1',
86 silly addNameRange     '4.6.3',
86 silly addNameRange     '4.6.4',
86 silly addNameRange     '4.6.5',
86 silly addNameRange     '4.6.6',
86 silly addNameRange     '4.7.0',
86 silly addNameRange     '4.7.1',
86 silly addNameRange     '4.7.2',
86 silly addNameRange     '4.7.3',
86 silly addNameRange     '4.7.4',
86 silly addNameRange     '4.7.5',
86 silly addNameRange     '4.7.6',
86 silly addNameRange     '4.7.7',
86 silly addNameRange     '4.7.8',
86 silly addNameRange     '4.7.9',
86 silly addNameRange     '4.7.10',
86 silly addNameRange     '4.7.11',
86 silly addNameRange     '4.7.12',
86 silly addNameRange     '4.7.13',
86 silly addNameRange     '4.7.14',
86 silly addNameRange     '4.7.15',
86 silly addNameRange     '4.7.16',
86 silly addNameRange     '5.0.0-beta2',
86 silly addNameRange     '5.0.0-beta3',
86 silly addNameRange     '5.0.0-beta4',
86 silly addNameRange     '5.0.0',
86 silly addNameRange     '5.0.1',
86 silly addNameRange     '5.0.2',
86 silly addNameRange     '5.0.3',
86 silly addNameRange     '5.0.4',
86 silly addNameRange     '5.0.5',
86 silly addNameRange     '5.0.6',
86 silly addNameRange     '5.0.7',
86 silly addNameRange     '5.0.8',
86 silly addNameRange     '5.0.9',
86 silly addNameRange     '5.0.10',
86 silly addNameRange     '5.0.11',
86 silly addNameRange     '5.0.12',
86 silly addNameRange     '5.0.13',
86 silly addNameRange     '5.1.0',
86 silly addNameRange     '5.1.1',
86 silly addNameRange     '5.1.2',
86 silly addNameRange     '5.1.3',
86 silly addNameRange     '5.1.4',
86 silly addNameRange     '5.1.5',
86 silly addNameRange     '5.1.6',
86 silly addNameRange     '5.1.7',
86 silly addNameRange     '5.1.8',
86 silly addNameRange     '5.1.9',
86 silly addNameRange     '5.1.10',
86 silly addNameRange     '5.1.11',
86 silly addNameRange     '5.1.12',
86 silly addNameRange     '5.1.13',
86 silly addNameRange     '5.2.0',
86 silly addNameRange     '5.2.1',
86 silly addNameRange     '5.2.2',
86 silly addNameRange     '5.2.3',
86 silly addNameRange     '5.2.4',
86 silly addNameRange     '5.2.5',
86 silly addNameRange     '5.2.6',
86 silly addNameRange     '5.2.7',
86 silly addNameRange     '5.2.9',
86 silly addNameRange     '5.2.10',
86 silly addNameRange     '5.2.11',
86 silly addNameRange     '5.2.12',
86 silly addNameRange     '5.2.13',
86 silly addNameRange     '5.2.14',
86 silly addNameRange     '5.2.15',
86 silly addNameRange     '5.2.16',
86 silly addNameRange     '5.2.17',
86 silly addNameRange     '5.3.0',
86 silly addNameRange     '5.3.1',
86 silly addNameRange     '5.3.2',
86 silly addNameRange     '5.3.3',
86 silly addNameRange     '5.4.0',
86 silly addNameRange     '5.4.1',
86 silly addNameRange     '5.4.2',
86 silly addNameRange     '5.4.3',
86 silly addNameRange     '5.4.4',
86 silly addNameRange     '5.4.5',
86 silly addNameRange     '5.4.6',
86 silly addNameRange     '5.4.7',
86 silly addNameRange     '5.5.0',
86 silly addNameRange     '5.5.1',
86 silly addNameRange     '5.5.2',
86 silly addNameRange     '5.5.3',
86 silly addNameRange     '5.5.4',
86 silly addNameRange     '5.5.5',
86 silly addNameRange     '5.5.6',
86 silly addNameRange     '5.5.7',
86 silly addNameRange     '5.5.8',
86 silly addNameRange     '5.6.1',
86 silly addNameRange     '5.6.2',
86 silly addNameRange     '5.6.3',
86 silly addNameRange     '5.6.4',
86 silly addNameRange     '5.6.5',
86 silly addNameRange     '5.6.6',
86 silly addNameRange     '5.6.7',
86 silly addNameRange     '5.6.10',
86 silly addNameRange     '5.6.11',
86 silly addNameRange     '5.6.12',
86 silly addNameRange     '5.6.14',
86 silly addNameRange     '5.6.23',
86 silly addNameRange     '5.8.2',
86 silly addNameRange     '5.8.3',
86 silly addNameRange     '5.8.5',
86 silly addNameRange     '5.8.6',
86 silly addNameRange     '5.8.8',
86 silly addNameRange     '5.8.9',
86 silly addNameRange     '5.8.12',
86 silly addNameRange     '5.8.19',
86 silly addNameRange     '5.8.20',
86 silly addNameRange     '5.8.21',
86 silly addNameRange     '5.8.23',
86 silly addNameRange     '5.8.29',
86 silly addNameRange     '6.0.0',
86 silly addNameRange     '6.0.2',
86 silly addNameRange     '6.0.12',
86 silly addNameRange     '6.0.14',
86 silly addNameRange     '6.0.15',
86 silly addNameRange     '5.8.34',
86 silly addNameRange     '6.1.5',
86 silly addNameRange     '6.1.6',
86 silly addNameRange     '6.1.7',
86 silly addNameRange     '6.1.8',
86 silly addNameRange     '6.1.9',
86 silly addNameRange     '6.1.10',
86 silly addNameRange     '6.1.11',
86 silly addNameRange     '6.1.12',
86 silly addNameRange     '6.1.13',
86 silly addNameRange     '6.1.14',
86 silly addNameRange     '6.1.15',
86 silly addNameRange     '6.1.16',
86 silly addNameRange     '6.1.17',
86 silly addNameRange     '6.1.18',
86 silly addNameRange     '6.2.4',
86 silly addNameRange     '6.3.13',
86 silly addNameRange     '6.3.26',
86 silly addNameRange     '5.8.35',
86 silly addNameRange     '6.5.0',
86 silly addNameRange     '6.5.0-1',
86 silly addNameRange     '6.5.1',
86 silly addNameRange     '6.5.2' ] ]
87 silly addNamed babel@6.5.2
88 verbose addNamed "6.5.2" is a plain semver version for babel
89 silly mapToRegistry name babel
90 silly mapToRegistry using default registry
91 silly mapToRegistry registry https://registry.npmjs.org/
92 silly mapToRegistry uri https://registry.npmjs.org/babel
93 verbose addRemoteTarball https://registry.npmjs.org/babel/-/babel-6.5.2.tgz not in flight; adding
94 verbose addRemoteTarball [ 'https://registry.npmjs.org/babel/-/babel-6.5.2.tgz',
94 verbose addRemoteTarball   '59140607438270920047ff56f02b2d8630c2d129' ]
95 info retry fetch attempt 1 at 1:06:05 AM
96 info attempt registry request try #1 at 1:06:05 AM
97 http fetch GET https://registry.npmjs.org/babel/-/babel-6.5.2.tgz
98 http fetch 200 https://registry.npmjs.org/babel/-/babel-6.5.2.tgz
99 silly fetchAndShaCheck shasum 59140607438270920047ff56f02b2d8630c2d129
100 verbose addTmpTarball /var/folders/sf/1qtq8qf149x7pbg2783qbgkh0000gn/T/npm-96179-d3787e0b/registry.npmjs.org/babel/-/babel-6.5.2.tgz not in flight; adding
101 verbose addTmpTarball already have metadata; skipping unpack for babel@6.5.2
102 silly cache afterAdd babel@6.5.2
103 verbose afterAdd /Users/anthonylee/.npm/babel/6.5.2/package/package.json not in flight; writing
104 verbose afterAdd /Users/anthonylee/.npm/babel/6.5.2/package/package.json written
105 silly fetchAndShaCheck shasum e51de228071258b0db6d55e0f5fee55eec6755de
106 verbose addTmpTarball /var/folders/sf/1qtq8qf149x7pbg2783qbgkh0000gn/T/npm-96179-d3787e0b/registry.npmjs.org/webpack-dev-server/-/webpack-dev-server-1.14.1.tgz not in flight; adding
107 verbose addTmpTarball already have metadata; skipping unpack for webpack-dev-server@1.14.1
108 silly cache afterAdd webpack-dev-server@1.14.1
109 verbose afterAdd /Users/anthonylee/.npm/webpack-dev-server/1.14.1/package/package.json not in flight; writing
110 verbose afterAdd /Users/anthonylee/.npm/webpack-dev-server/1.14.1/package/package.json written
111 silly install resolved [ { name: 'webpack',
111 silly install resolved     version: '1.12.13',
111 silly install resolved     author: { name: 'Tobias Koppers @sokra' },
111 silly install resolved     description: 'Packs CommonJs/AMD modules for the browser. Allows to split your codebase into multiple bundles, which can be loaded on demand. Support loaders to preprocess files, i.e. json, jade, coffee, css, less, ... and your custom stuff.',
111 silly install resolved     dependencies:
111 silly install resolved      { async: '^1.3.0',
111 silly install resolved        clone: '^1.0.2',
111 silly install resolved        'enhanced-resolve': '~0.9.0',
111 silly install resolved        esprima: '^2.5.0',
111 silly install resolved        interpret: '^0.6.4',
111 silly install resolved        'loader-utils': '^0.2.11',
111 silly install resolved        'memory-fs': '~0.3.0',
111 silly install resolved        mkdirp: '~0.5.0',
111 silly install resolved        'node-libs-browser': '>= 0.4.0 <=0.6.0',
111 silly install resolved        optimist: '~0.6.0',
111 silly install resolved        'supports-color': '^3.1.0',
111 silly install resolved        tapable: '~0.1.8',
111 silly install resolved        'uglify-js': '~2.6.0',
111 silly install resolved        watchpack: '^0.2.1',
111 silly install resolved        'webpack-core': '~0.6.0' },
111 silly install resolved     license: 'MIT',
111 silly install resolved     devDependencies:
111 silly install resolved      { benchmark: '^1.0.0',
111 silly install resolved        'bundle-loader': '~0.5.0',
111 silly install resolved        'codecov.io': '^0.1.2',
111 silly install resolved        'coffee-loader': '~0.7.1',
111 silly install resolved        'coffee-script': '^1.10.0',
111 silly install resolved        'component-webpack-plugin': '~0.2.0',
111 silly install resolved        coveralls: '^2.11.2',
111 silly install resolved        'css-loader': '~0.15.0',
111 silly install resolved        diff: '^2.0.2',
111 silly install resolved        eslint: '^1.1.0',
111 silly install resolved        'eslint-plugin-nodeca': '^1.0.3',
111 silly install resolved        express: '~4.13.1',
111 silly install resolved        'extract-text-webpack-plugin': '~0.8.0',
111 silly install resolved        'file-loader': '~0.8.0',
111 silly install resolved        glob: '^5.0.14',
111 silly install resolved        'i18n-webpack-plugin': '~0.2.0',
111 silly install resolved        istanbul: '^0.3.13',
111 silly install resolved        jade: '^1.11.0',
111 silly install resolved        'jade-loader': '~0.7.0',
111 silly install resolved        'js-beautify': '^1.5.10',
111 silly install resolved        'json-loader': '~0.5.1',
111 silly install resolved        less: '^2.5.1',
111 silly install resolved        'less-loader': '^2.0.0',
111 silly install resolved        mocha: '~2.2.0',
111 silly install resolved        'mocha-lcov-reporter': '0.0.2',
111 silly install resolved        'raw-loader': '~0.5.0',
111 silly install resolved        'script-loader': '~0.6.0',
111 silly install resolved        should: '^7.0.2',
111 silly install resolved        'style-loader': '~0.12.0',
111 silly install resolved        'url-loader': '~0.5.0',
111 silly install resolved        'val-loader': '~0.5.0',
111 silly install resolved        'vm-browserify': '~0.0.0',
111 silly install resolved        'webpack-dev-middleware': '^1.0.0',
111 silly install resolved        'worker-loader': '~0.6.0' },
111 silly install resolved     engines: { node: '>=0.6' },
111 silly install resolved     repository:
111 silly install resolved      { type: 'git',
111 silly install resolved        url: 'git+https://github.com/webpack/webpack.git' },
111 silly install resolved     homepage: 'https://github.com/webpack/webpack',
111 silly install resolved     main: 'lib/webpack.js',
111 silly install resolved     web: 'lib/webpack.web.js',
111 silly install resolved     bin: { webpack: './bin/webpack.js' },
111 silly install resolved     files: [ 'lib/', 'bin/', 'buildin/', 'hot/', 'web_modules/' ],
111 silly install resolved     scripts:
111 silly install resolved      { pretest: 'npm run lint && npm run beautify-lint',
111 silly install resolved        test: 'mocha',
111 silly install resolved        travis: 'npm run cover -- --report lcovonly',
111 silly install resolved        lint: 'eslint lib bin hot scripts',
111 silly install resolved        'beautify-lint': 'node ./scripts/beautify-check',
111 silly install resolved        beautify: 'node ./scripts/beautify-rewrite',
111 silly install resolved        precover: 'npm run lint && npm run beautify-lint',
111 silly install resolved        cover: 'istanbul cover -x *.runtime.js node_modules/mocha/bin/_mocha',
111 silly install resolved        'publish-patch': 'npm run lint && npm run beautify-lint && mocha && npm version patch && git push && git push --tags && npm publish' },
111 silly install resolved     gitHead: '668a5f0bc68cad70c5182ebcab8b3b1a340e038d',
111 silly install resolved     bugs: { url: 'https://github.com/webpack/webpack/issues' },
111 silly install resolved     _id: 'webpack@1.12.13',
111 silly install resolved     _shasum: 'b706f2a2e785f50cdb5a761f48dec4152628235a',
111 silly install resolved     _from: 'webpack@*',
111 silly install resolved     _npmVersion: '3.3.12',
111 silly install resolved     _nodeVersion: '5.4.1',
111 silly install resolved     _npmUser: { name: 'sokra', email: 'tobias.koppers@googlemail.com' },
111 silly install resolved     dist:
111 silly install resolved      { shasum: 'b706f2a2e785f50cdb5a761f48dec4152628235a',
111 silly install resolved        tarball: 'http://registry.npmjs.org/webpack/-/webpack-1.12.13.tgz' },
111 silly install resolved     maintainers: [ [Object] ],
111 silly install resolved     _npmOperationalInternal:
111 silly install resolved      { host: 'packages-6-west.internal.npmjs.com',
111 silly install resolved        tmp: 'tmp/webpack-1.12.13.tgz_1454596947736_0.020107443910092115' },
111 silly install resolved     directories: {},
111 silly install resolved     _resolved: 'https://registry.npmjs.org/webpack/-/webpack-1.12.13.tgz',
111 silly install resolved     readme: 'ERROR: No README data found!' },
111 silly install resolved   { name: 'babel',
111 silly install resolved     version: '6.5.2',
111 silly install resolved     description: 'Turn ES6 code into readable vanilla ES5 with source maps',
111 silly install resolved     author: { name: 'Sebastian McKenzie', email: 'sebmck@gmail.com' },
111 silly install resolved     homepage: 'https://babeljs.io/',
111 silly install resolved     license: 'MIT',
111 silly install resolved     repository:
111 silly install resolved      { type: 'git',
111 silly install resolved        url: 'https://github.com/babel/babel/tree/master/packages/babel' },
111 silly install resolved     bin:
111 silly install resolved      { babel: './cli.js',
111 silly install resolved        'babel-node': './cli.js',
111 silly install resolved        'babel-external-helpers': './cli.js' },
111 silly install resolved     _id: 'babel@6.5.2',
111 silly install resolved     scripts: {},
111 silly install resolved     _shasum: '59140607438270920047ff56f02b2d8630c2d129',
111 silly install resolved     _from: 'babel@*',
111 silly install resolved     _npmVersion: '3.6.0',
111 silly install resolved     _nodeVersion: '5.1.0',
111 silly install resolved     _npmUser: { name: 'hzoo', email: 'hi@henryzoo.com' },
111 silly install resolved     dist:
111 silly install resolved      { shasum: '59140607438270920047ff56f02b2d8630c2d129',
111 silly install resolved        tarball: 'http://registry.npmjs.org/babel/-/babel-6.5.2.tgz' },
111 silly install resolved     maintainers: [ [Object], [Object], [Object], [Object], [Object], [Object] ],
111 silly install resolved     _npmOperationalInternal:
111 silly install resolved      { host: 'packages-5-east.internal.npmjs.com',
111 silly install resolved        tmp: 'tmp/babel-6.5.2.tgz_1455294601370_0.7809299291111529' },
111 silly install resolved     directories: {},
111 silly install resolved     _resolved: 'https://registry.npmjs.org/babel/-/babel-6.5.2.tgz' },
111 silly install resolved   { name: 'webpack-dev-server',
111 silly install resolved     version: '1.14.1',
111 silly install resolved     author: { name: 'Tobias Koppers @sokra' },
111 silly install resolved     description: 'Serves a webpack app. Updates the browser on changes.',
111 silly install resolved     peerDependencies: { webpack: '>=1.3.0 <3' },
111 silly install resolved     dependencies:
111 silly install resolved      { compression: '^1.5.2',
111 silly install resolved        'connect-history-api-fallback': '1.1.0',
111 silly install resolved        express: '^4.13.3',
111 silly install resolved        'http-proxy': '^1.11.2',
111 silly install resolved        optimist: '~0.6.0',
111 silly install resolved        'serve-index': '^1.7.2',
111 silly install resolved        sockjs: '^0.3.15',
111 silly install resolved        'sockjs-client': '^1.0.3',
111 silly install resolved        'stream-cache': '~0.0.1',
111 silly install resolved        'strip-ansi': '^3.0.0',
111 silly install resolved        'supports-color': '^3.1.1',
111 silly install resolved        'webpack-dev-middleware': '^1.4.0' },
111 silly install resolved     devDependencies:
111 silly install resolved      { 'css-loader': '~0.23.0',
111 silly install resolved        'file-loader': '~0.8.4',
111 silly install resolved        jade: '^1.11.0',
111 silly install resolved        'jade-loader': '~0.8.0',
111 silly install resolved        less: '^2.5.1',
111 silly install resolved        'less-loader': '~2.2.0',
111 silly install resolved        'style-loader': '~0.13.0',
111 silly install resolved        'url-loader': '~0.5.6',
111 silly install resolved        webpack: '^1.12.1' },
111 silly install resolved     license: 'MIT',
111 silly install resolved     repository:
111 silly install resolved      { type: 'git',
111 silly install resolved        url: 'git://github.com/webpack/webpack-dev-server.git' },
111 silly install resolved     homepage: 'http://github.com/webpack/webpack-dev-server',
111 silly install resolved     main: 'lib/Server.js',
111 silly install resolved     bin: { 'webpack-dev-server': 'bin/webpack-dev-server.js' },
111 silly install resolved     files: [ 'lib/', 'bin', 'client/', 'ssl/' ],
111 silly install resolved     scripts: { prepublish: 'webpack ./client/live.js client/live.bundle.js --colors --config client/webpack.config.js -p && webpack ./client/index.js client/index.bundle.js --colors --config client/webpack.config.js -p' },
111 silly install resolved     gitHead: 'eae3a0c73fb847521b42ac2accae1c0906dd6023',
111 silly install resolved     bugs: { url: 'https://github.com/webpack/webpack-dev-server/issues' },
111 silly install resolved     _id: 'webpack-dev-server@1.14.1',
111 silly install resolved     _shasum: 'e51de228071258b0db6d55e0f5fee55eec6755de',
111 silly install resolved     _from: 'webpack-dev-server@*',
111 silly install resolved     _npmVersion: '2.10.1',
111 silly install resolved     _nodeVersion: '0.12.4',
111 silly install resolved     _npmUser: { name: 'sokra', email: 'tobias.koppers@googlemail.com' },
111 silly install resolved     maintainers: [ [Object], [Object] ],
111 silly install resolved     dist:
111 silly install resolved      { shasum: 'e51de228071258b0db6d55e0f5fee55eec6755de',
111 silly install resolved        tarball: 'http://registry.npmjs.org/webpack-dev-server/-/webpack-dev-server-1.14.1.tgz' },
111 silly install resolved     directories: {},
111 silly install resolved     _resolved: 'https://registry.npmjs.org/webpack-dev-server/-/webpack-dev-server-1.14.1.tgz' } ]
112 info install webpack@1.12.13 into /Users/anthonylee/npm-global/lib
113 info install babel@6.5.2 into /Users/anthonylee/npm-global/lib
114 info install webpack-dev-server@1.14.1 into /Users/anthonylee/npm-global/lib
115 info installOne webpack@1.12.13
116 verbose installOne of webpack to /Users/anthonylee/npm-global/lib not in flight; installing
117 info installOne babel@6.5.2
118 verbose installOne of babel to /Users/anthonylee/npm-global/lib not in flight; installing
119 info installOne webpack-dev-server@1.14.1
120 verbose installOne of webpack-dev-server to /Users/anthonylee/npm-global/lib not in flight; installing
121 verbose lock using /Users/anthonylee/.npm/_locks/webpack-99bb81c197808ee9.lock for /Users/anthonylee/npm-global/lib/node_modules/webpack
122 verbose lock using /Users/anthonylee/.npm/_locks/babel-9324162a1e6a756e.lock for /Users/anthonylee/npm-global/lib/node_modules/babel
123 silly install write writing babel 6.5.2 to /Users/anthonylee/npm-global/lib/node_modules/babel
124 verbose lock using /Users/anthonylee/.npm/_locks/webpack-dev-server-04f48886729b4db5.lock for /Users/anthonylee/npm-global/lib/node_modules/webpack-dev-server
125 silly install write writing webpack 1.12.13 to /Users/anthonylee/npm-global/lib/node_modules/webpack
126 silly install write writing webpack-dev-server 1.14.1 to /Users/anthonylee/npm-global/lib/node_modules/webpack-dev-server
127 verbose unbuild lib/node_modules/babel
128 verbose unbuild lib/node_modules/webpack
129 verbose unbuild lib/node_modules/webpack-dev-server
130 silly gentlyRm /Users/anthonylee/npm-global/lib/node_modules/babel is being purged from base /Users/anthonylee/npm-global
131 verbose gentlyRm don't care about contents; nuking /Users/anthonylee/npm-global/lib/node_modules/babel
132 verbose tar unpack /Users/anthonylee/.npm/babel/6.5.2/package.tgz
133 verbose tar unpacking to /Users/anthonylee/npm-global/lib/node_modules/babel
134 silly gentlyRm /Users/anthonylee/npm-global/lib/node_modules/babel is being purged
135 verbose gentlyRm don't care about contents; nuking /Users/anthonylee/npm-global/lib/node_modules/babel
136 silly gentlyRm /Users/anthonylee/npm-global/lib/node_modules/webpack-dev-server is being purged from base /Users/anthonylee/npm-global
137 verbose gentlyRm don't care about contents; nuking /Users/anthonylee/npm-global/lib/node_modules/webpack-dev-server
138 silly gunzTarPerm modes [ '755', '644' ]
139 verbose tar unpack /Users/anthonylee/.npm/webpack-dev-server/1.14.1/package.tgz
140 verbose tar unpacking to /Users/anthonylee/npm-global/lib/node_modules/webpack-dev-server
141 silly gentlyRm /Users/anthonylee/npm-global/lib/node_modules/webpack-dev-server is being purged
142 verbose gentlyRm don't care about contents; nuking /Users/anthonylee/npm-global/lib/node_modules/webpack-dev-server
143 silly gunzTarPerm modes [ '755', '644' ]
144 info preuninstall webpack@1.12.9
145 info uninstall webpack@1.12.9
146 error tar.unpack untar error /Users/anthonylee/.npm/babel/6.5.2/package.tgz
147 verbose unbuild rmStuff webpack@1.12.9 from /Users/anthonylee/npm-global/lib/node_modules
148 silly gentlyRm /Users/anthonylee/npm-global/bin/webpack is being gently removed
149 silly gentlyRm verifying /Users/anthonylee/npm-global is an npm working directory
150 error tar.unpack untar error /Users/anthonylee/.npm/webpack-dev-server/1.14.1/package.tgz
151 verbose unlock done using /Users/anthonylee/.npm/_locks/babel-9324162a1e6a756e.lock for /Users/anthonylee/npm-global/lib/node_modules/babel
152 silly gentlyRm containing path /Users/anthonylee/npm-global is under npm's control, in /Users/anthonylee/npm-global
153 silly gentlyRm deletion target /Users/anthonylee/npm-global/bin/webpack is under /Users/anthonylee/npm-global
154 verbose gentlyRm vacuuming from /Users/anthonylee/npm-global/bin/webpack up to /Users/anthonylee/npm-global
155 verbose unlock done using /Users/anthonylee/.npm/_locks/webpack-dev-server-04f48886729b4db5.lock for /Users/anthonylee/npm-global/lib/node_modules/webpack-dev-server
156 silly vacuum-fs removing /Users/anthonylee/npm-global/bin/webpack
157 verbose unlock done using /Users/anthonylee/.npm/_locks/webpack-99bb81c197808ee9.lock for /Users/anthonylee/npm-global/lib/node_modules/webpack
158 verbose fstream_path /Users/anthonylee/npm-global/lib/node_modules/babel
159 verbose fstream_type Directory
160 verbose fstream_class DirWriter
161 verbose stack Error: EACCES: permission denied, mkdir '/Users/anthonylee/npm-global/lib/node_modules/babel'
161 verbose stack     at Error (native)
162 verbose fstream_stack /usr/local/lib/node_modules/npm/node_modules/fstream/lib/dir-writer.js:35:25
162 verbose fstream_stack /usr/local/lib/node_modules/npm/node_modules/mkdirp/index.js:47:53
162 verbose fstream_stack FSReqWrap.oncomplete (fs.js:82:15)
163 verbose cwd /Users/anthonylee/Sites/javascript.development/reactjs-playground/fundamentals
164 error Darwin 15.3.0
165 error argv "/usr/local/Cellar/node/5.1.0/bin/node" "/usr/local/bin/npm" "install" "babel" "webpack" "webpack-dev-server" "-g"
166 error node v5.1.0
167 error npm  v2.14.4
168 error path /Users/anthonylee/npm-global/lib/node_modules/babel
169 error code EACCES
170 error errno -13
171 error syscall mkdir
172 error Error: EACCES: permission denied, mkdir '/Users/anthonylee/npm-global/lib/node_modules/babel'
172 error     at Error (native)
172 error  { [Error: EACCES: permission denied, mkdir '/Users/anthonylee/npm-global/lib/node_modules/babel']
172 error   errno: -13,
172 error   code: 'EACCES',
172 error   syscall: 'mkdir',
172 error   path: '/Users/anthonylee/npm-global/lib/node_modules/babel',
172 error   fstream_type: 'Directory',
172 error   fstream_path: '/Users/anthonylee/npm-global/lib/node_modules/babel',
172 error   fstream_class: 'DirWriter',
172 error   fstream_stack:
172 error    [ '/usr/local/lib/node_modules/npm/node_modules/fstream/lib/dir-writer.js:35:25',
172 error      '/usr/local/lib/node_modules/npm/node_modules/mkdirp/index.js:47:53',
172 error      'FSReqWrap.oncomplete (fs.js:82:15)' ] }
173 error Please try running this command again as root/Administrator.
174 verbose exit [ -13, true ]
175 verbose unbuild lib/node_modules/babel
176 silly gentlyRm /Users/anthonylee/npm-global/lib/node_modules/babel is being purged from base /Users/anthonylee/npm-global
177 verbose gentlyRm don't care about contents; nuking /Users/anthonylee/npm-global/lib/node_modules/babel
178 verbose unbuild lib/node_modules/webpack-dev-server
179 silly gentlyRm /Users/anthonylee/npm-global/lib/node_modules/webpack-dev-server is being purged from base /Users/anthonylee/npm-global
180 verbose gentlyRm don't care about contents; nuking /Users/anthonylee/npm-global/lib/node_modules/webpack-dev-server
181 verbose unbuild lib/node_modules/webpack
182 info preuninstall webpack@1.12.9
183 info uninstall webpack@1.12.9
184 verbose unbuild rmStuff webpack@1.12.9 from /Users/anthonylee/npm-global/lib/node_modules
185 silly gentlyRm /Users/anthonylee/npm-global/bin/webpack is being gently removed
186 silly gentlyRm verifying /Users/anthonylee/npm-global is an npm working directory
187 silly gentlyRm containing path /Users/anthonylee/npm-global is under npm's control, in /Users/anthonylee/npm-global
188 silly gentlyRm deletion target /Users/anthonylee/npm-global/bin/webpack is under /Users/anthonylee/npm-global
189 verbose gentlyRm vacuuming from /Users/anthonylee/npm-global/bin/webpack up to /Users/anthonylee/npm-global
190 silly vacuum-fs removing /Users/anthonylee/npm-global/bin/webpack
191 error error rolling back Error: EACCES: permission denied, unlink '/Users/anthonylee/npm-global/bin/webpack'
191 error error rolling back     at Error (native)
191 error error rolling back  { [Error: EACCES: permission denied, unlink '/Users/anthonylee/npm-global/bin/webpack']
191 error error rolling back   errno: -13,
191 error error rolling back   code: 'EACCES',
191 error error rolling back   syscall: 'unlink',
191 error error rolling back   path: '/Users/anthonylee/npm-global/bin/webpack' }
